2017-03-26 15:51:21 INFO  DataReader:70 - Input coordinates is incorrect - wrong coordinates format in line "14 f012ad 8 4 5 10 9.3 6.1"
2017-03-26 15:51:21 INFO  DataReader:62 - Input coordinates is incorrect - wrong number of points in line "3.4 1 0"
2017-03-26 15:51:21 INFO  DataReader:62 - Input coordinates is incorrect - wrong number of points in line "6.4 3.1 0.6 5 8.1 7.2 9 15.8 4.5"
2017-03-26 15:51:21 INFO  Quadrangle:75 - Quadrangle id=0 has verticies (x = 0.0, y = 0.0), (x = 5.0, y = 0.0), (x = 5.0, y = 5.0), (x = 0.0, y = 5.0)

2017-03-26 15:51:21 INFO  QuadrangleDataObserver:29 - 
Observable entities: 
0: Perimeter = 20.0 Area = 10.0
2017-03-26 15:51:21 INFO  Quadrangle:75 - Quadrangle id=1 has verticies (x = 0.0, y = 0.0), (x = 5.0, y = 0.0), (x = 5.0, y = 5.0), (x = 0.0, y = 5.0)

2017-03-26 15:51:21 INFO  QuadrangleDataObserver:29 - 
Observable entities: 
1: Perimeter = 20.0 Area = 10.0
2017-03-26 15:51:21 INFO  Quadrangle:75 - Quadrangle id=2 has verticies (x = 3.0, y = 5.0), (x = 5.0, y = 5.0), (x = 5.0, y = 5.0), (x = 5.0, y = 9.0)

2017-03-26 15:51:21 INFO  QuadrangleDataObserver:29 - 
Observable entities: 
2: Perimeter = 10.47213595499958 Area = 21.5
2017-03-26 15:51:21 DEBUG QuadragleCalculations:36 - Given points cannot form a quadrangle
2017-03-26 15:51:21 INFO  Quadrangle:75 - Quadrangle id=3 has verticies (x = 3.0, y = 5.0), (x = 4.0, y = 12.0), (x = 0.0, y = 3.0), (x = 1.2, y = 9.0)

2017-03-26 15:51:21 INFO  QuadrangleDataObserver:29 - 
Observable entities: 
3: Perimeter = 27.42509146986518 Area = 3.7
2017-03-26 15:52:30 INFO  DataReader:70 - Input coordinates is incorrect - wrong coordinates format in line "14 f012ad 8 4 5 10 9.3 6.1"

2017-03-26 15:52:30 INFO  DataReader:62 - Input coordinates is incorrect - wrong number of points in line "3.4 1 0"

2017-03-26 15:52:30 INFO  DataReader:62 - Input coordinates is incorrect - wrong number of points in line "6.4 3.1 0.6 5 8.1 7.2 9 15.8 4.5"

2017-03-26 15:52:30 INFO  Quadrangle:75 - Quadrangle id=0 has verticies (x = 0.0, y = 0.0), (x = 5.0, y = 0.0), (x = 5.0, y = 5.0), (x = 0.0, y = 5.0)

2017-03-26 15:52:30 INFO  QuadrangleDataObserver:29 - Observable entities: 
0: Perimeter = 20.0 Area = 10.0

2017-03-26 15:52:30 INFO  Quadrangle:75 - Quadrangle id=1 has verticies (x = 0.0, y = 0.0), (x = 5.0, y = 0.0), (x = 5.0, y = 5.0), (x = 0.0, y = 5.0)

2017-03-26 15:52:30 INFO  QuadrangleDataObserver:29 - Observable entities: 
1: Perimeter = 20.0 Area = 10.0

2017-03-26 15:52:30 INFO  Quadrangle:75 - Quadrangle id=2 has verticies (x = 3.0, y = 5.0), (x = 5.0, y = 5.0), (x = 5.0, y = 5.0), (x = 5.0, y = 9.0)

2017-03-26 15:52:30 INFO  QuadrangleDataObserver:29 - Observable entities: 
2: Perimeter = 10.47213595499958 Area = 21.5

2017-03-26 15:52:30 DEBUG QuadragleCalculations:36 - Given points cannot form a quadrangle
2017-03-26 15:52:30 INFO  Quadrangle:75 - Quadrangle id=3 has verticies (x = 3.0, y = 5.0), (x = 4.0, y = 12.0), (x = 0.0, y = 3.0), (x = 1.2, y = 9.0)

2017-03-26 15:52:30 INFO  QuadrangleDataObserver:29 - Observable entities: 
3: Perimeter = 27.42509146986518 Area = 3.7

2017-03-26 15:53:00 INFO  DataReader:70 - Input coordinates is incorrect - wrong coordinates format in line "14 f012ad 8 4 5 10 9.3 6.1"

2017-03-26 15:53:00 INFO  DataReader:62 - Input coordinates is incorrect - wrong number of points in line "3.4 1 0"

2017-03-26 15:53:00 INFO  DataReader:62 - Input coordinates is incorrect - wrong number of points in line "6.4 3.1 0.6 5 8.1 7.2 9 15.8 4.5"

2017-03-26 15:53:00 INFO  Quadrangle:75 - Quadrangle id=0 has verticies (x = 0.0, y = 0.0), (x = 5.0, y = 0.0), (x = 5.0, y = 5.0), (x = 0.0, y = 5.0)

2017-03-26 15:53:00 INFO  QuadrangleDataObserver:29 - Observable entities: 0: Perimeter = 20.0 Area = 10.0

2017-03-26 15:53:00 INFO  Quadrangle:75 - Quadrangle id=1 has verticies (x = 0.0, y = 0.0), (x = 5.0, y = 0.0), (x = 5.0, y = 5.0), (x = 0.0, y = 5.0)

2017-03-26 15:53:00 INFO  QuadrangleDataObserver:29 - Observable entities: 1: Perimeter = 20.0 Area = 10.0

2017-03-26 15:53:00 INFO  Quadrangle:75 - Quadrangle id=2 has verticies (x = 3.0, y = 5.0), (x = 5.0, y = 5.0), (x = 5.0, y = 5.0), (x = 5.0, y = 9.0)

2017-03-26 15:53:00 INFO  QuadrangleDataObserver:29 - Observable entities: 2: Perimeter = 10.47213595499958 Area = 21.5

2017-03-26 15:53:00 DEBUG QuadragleCalculations:36 - Given points cannot form a quadrangle
2017-03-26 15:53:00 INFO  Quadrangle:75 - Quadrangle id=3 has verticies (x = 3.0, y = 5.0), (x = 4.0, y = 12.0), (x = 0.0, y = 3.0), (x = 1.2, y = 9.0)

2017-03-26 15:53:00 INFO  QuadrangleDataObserver:29 - Observable entities: 3: Perimeter = 27.42509146986518 Area = 3.7

2017-03-26 15:54:16 INFO  DataReader:70 - Input coordinates is incorrect - wrong coordinates format in line "14 f012ad 8 4 5 10 9.3 6.1"

2017-03-26 15:54:16 INFO  DataReader:62 - Input coordinates is incorrect - wrong number of points in line "3.4 1 0"

2017-03-26 15:54:16 INFO  DataReader:62 - Input coordinates is incorrect - wrong number of points in line "6.4 3.1 0.6 5 8.1 7.2 9 15.8 4.5"

2017-03-26 15:54:16 INFO  Quadrangle:75 - 
Quadrangle id=0 has verticies (x = 0.0, y = 0.0), (x = 5.0, y = 0.0), (x = 5.0, y = 5.0), (x = 0.0, y = 5.0)

2017-03-26 15:54:16 INFO  QuadrangleDataObserver:29 - Observable entities: 0: Perimeter = 20.0 Area = 10.0

2017-03-26 15:54:16 INFO  Quadrangle:75 - 
Quadrangle id=1 has verticies (x = 0.0, y = 0.0), (x = 5.0, y = 0.0), (x = 5.0, y = 5.0), (x = 0.0, y = 5.0)

2017-03-26 15:54:16 INFO  QuadrangleDataObserver:29 - Observable entities: 1: Perimeter = 20.0 Area = 10.0

2017-03-26 15:54:16 INFO  Quadrangle:75 - 
Quadrangle id=2 has verticies (x = 3.0, y = 5.0), (x = 5.0, y = 5.0), (x = 5.0, y = 5.0), (x = 5.0, y = 9.0)

2017-03-26 15:54:16 INFO  QuadrangleDataObserver:29 - Observable entities: 2: Perimeter = 10.47213595499958 Area = 21.5

2017-03-26 15:54:16 DEBUG QuadragleCalculations:36 - Given points cannot form a quadrangle
2017-03-26 15:54:16 INFO  Quadrangle:75 - 
Quadrangle id=3 has verticies (x = 3.0, y = 5.0), (x = 4.0, y = 12.0), (x = 0.0, y = 3.0), (x = 1.2, y = 9.0)

2017-03-26 15:54:16 INFO  QuadrangleDataObserver:29 - Observable entities: 3: Perimeter = 27.42509146986518 Area = 3.7

2017-03-26 15:54:29 INFO  DataReader:70 - Input coordinates is incorrect - wrong coordinates format in line "14 f012ad 8 4 5 10 9.3 6.1"

2017-03-26 15:54:29 INFO  DataReader:62 - Input coordinates is incorrect - wrong number of points in line "3.4 1 0"

2017-03-26 15:54:29 INFO  DataReader:62 - Input coordinates is incorrect - wrong number of points in line "6.4 3.1 0.6 5 8.1 7.2 9 15.8 4.5"

2017-03-26 15:54:29 INFO  Quadrangle:75 - Quadrangle id=0 has verticies (x = 0.0, y = 0.0), (x = 5.0, y = 0.0), (x = 5.0, y = 5.0), (x = 0.0, y = 5.0)

2017-03-26 15:54:29 INFO  QuadrangleDataObserver:29 - Observable entities: 0: Perimeter = 20.0 Area = 10.0

2017-03-26 15:54:29 INFO  Quadrangle:75 - Quadrangle id=1 has verticies (x = 0.0, y = 0.0), (x = 5.0, y = 0.0), (x = 5.0, y = 5.0), (x = 0.0, y = 5.0)

2017-03-26 15:54:29 INFO  QuadrangleDataObserver:29 - Observable entities: 1: Perimeter = 20.0 Area = 10.0

2017-03-26 15:54:29 INFO  Quadrangle:75 - Quadrangle id=2 has verticies (x = 3.0, y = 5.0), (x = 5.0, y = 5.0), (x = 5.0, y = 5.0), (x = 5.0, y = 9.0)

2017-03-26 15:54:29 INFO  QuadrangleDataObserver:29 - Observable entities: 2: Perimeter = 10.47213595499958 Area = 21.5

2017-03-26 15:54:29 DEBUG QuadragleCalculations:36 - Given points cannot form a quadrangle
2017-03-26 15:54:29 INFO  Quadrangle:75 - Quadrangle id=3 has verticies (x = 3.0, y = 5.0), (x = 4.0, y = 12.0), (x = 0.0, y = 3.0), (x = 1.2, y = 9.0)

2017-03-26 15:54:29 INFO  QuadrangleDataObserver:29 - Observable entities: 3: Perimeter = 27.42509146986518 Area = 3.7

2017-03-26 15:54:40 INFO  DataReader:70 - Input coordinates is incorrect - wrong coordinates format in line "14 f012ad 8 4 5 10 9.3 6.1"

2017-03-26 15:54:40 INFO  DataReader:62 - Input coordinates is incorrect - wrong number of points in line "3.4 1 0"

2017-03-26 15:54:40 INFO  DataReader:62 - Input coordinates is incorrect - wrong number of points in line "6.4 3.1 0.6 5 8.1 7.2 9 15.8 4.5"

2017-03-26 15:54:40 INFO  Quadrangle:75 -  Quadrangle id=0 has verticies (x = 0.0, y = 0.0), (x = 5.0, y = 0.0), (x = 5.0, y = 5.0), (x = 0.0, y = 5.0)

2017-03-26 15:54:40 INFO  QuadrangleDataObserver:29 - Observable entities: 0: Perimeter = 20.0 Area = 10.0

2017-03-26 15:54:40 INFO  Quadrangle:75 -  Quadrangle id=1 has verticies (x = 0.0, y = 0.0), (x = 5.0, y = 0.0), (x = 5.0, y = 5.0), (x = 0.0, y = 5.0)

2017-03-26 15:54:40 INFO  QuadrangleDataObserver:29 - Observable entities: 1: Perimeter = 20.0 Area = 10.0

2017-03-26 15:54:40 INFO  Quadrangle:75 -  Quadrangle id=2 has verticies (x = 3.0, y = 5.0), (x = 5.0, y = 5.0), (x = 5.0, y = 5.0), (x = 5.0, y = 9.0)

2017-03-26 15:54:40 INFO  QuadrangleDataObserver:29 - Observable entities: 2: Perimeter = 10.47213595499958 Area = 21.5

2017-03-26 15:54:40 DEBUG QuadragleCalculations:36 - Given points cannot form a quadrangle
2017-03-26 15:54:40 INFO  Quadrangle:75 -  Quadrangle id=3 has verticies (x = 3.0, y = 5.0), (x = 4.0, y = 12.0), (x = 0.0, y = 3.0), (x = 1.2, y = 9.0)

2017-03-26 15:54:40 INFO  QuadrangleDataObserver:29 - Observable entities: 3: Perimeter = 27.42509146986518 Area = 3.7

2017-03-26 15:54:45 INFO  DataReader:70 - Input coordinates is incorrect - wrong coordinates format in line "14 f012ad 8 4 5 10 9.3 6.1"

2017-03-26 15:54:45 INFO  DataReader:62 - Input coordinates is incorrect - wrong number of points in line "3.4 1 0"

2017-03-26 15:54:45 INFO  DataReader:62 - Input coordinates is incorrect - wrong number of points in line "6.4 3.1 0.6 5 8.1 7.2 9 15.8 4.5"

2017-03-26 15:54:45 INFO  Quadrangle:75 - Quadrangle id=0 has verticies (x = 0.0, y = 0.0), (x = 5.0, y = 0.0), (x = 5.0, y = 5.0), (x = 0.0, y = 5.0)

2017-03-26 15:54:45 INFO  QuadrangleDataObserver:29 - Observable entities: 0: Perimeter = 20.0 Area = 10.0

2017-03-26 15:54:45 INFO  Quadrangle:75 - Quadrangle id=1 has verticies (x = 0.0, y = 0.0), (x = 5.0, y = 0.0), (x = 5.0, y = 5.0), (x = 0.0, y = 5.0)

2017-03-26 15:54:45 INFO  QuadrangleDataObserver:29 - Observable entities: 1: Perimeter = 20.0 Area = 10.0

2017-03-26 15:54:45 INFO  Quadrangle:75 - Quadrangle id=2 has verticies (x = 3.0, y = 5.0), (x = 5.0, y = 5.0), (x = 5.0, y = 5.0), (x = 5.0, y = 9.0)

2017-03-26 15:54:45 INFO  QuadrangleDataObserver:29 - Observable entities: 2: Perimeter = 10.47213595499958 Area = 21.5

2017-03-26 15:54:45 DEBUG QuadragleCalculations:36 - Given points cannot form a quadrangle
2017-03-26 15:54:45 INFO  Quadrangle:75 - Quadrangle id=3 has verticies (x = 3.0, y = 5.0), (x = 4.0, y = 12.0), (x = 0.0, y = 3.0), (x = 1.2, y = 9.0)

2017-03-26 15:54:45 INFO  QuadrangleDataObserver:29 - Observable entities: 3: Perimeter = 27.42509146986518 Area = 3.7

2017-03-26 16:10:06 INFO  DataReader:70 - Input coordinates is incorrect - wrong coordinates format in line "14 f012ad 8 4 5 10 9.3 6.1"

2017-03-26 16:10:06 INFO  DataReader:62 - Input coordinates is incorrect - wrong number of points in line "3.4 1 0"

2017-03-26 16:10:06 INFO  DataReader:62 - Input coordinates is incorrect - wrong number of points in line "6.4 3.1 0.6 5 8.1 7.2 9 15.8 4.5"

2017-03-26 16:10:06 INFO  Quadrangle:75 - Quadrangle id=0 has verticies (x = 0.0, y = 0.0), (x = 5.0, y = 0.0), (x = 5.0, y = 5.0), (x = 0.0, y = 5.0)

2017-03-26 16:10:06 INFO  QuadrangleDataObserver:29 - Observable entities: 0: Perimeter = 20.0 Area = 10.0

2017-03-26 16:10:06 INFO  Quadrangle:75 - Quadrangle id=1 has verticies (x = 0.0, y = 0.0), (x = 5.0, y = 0.0), (x = 5.0, y = 5.0), (x = 0.0, y = 5.0)

2017-03-26 16:10:06 INFO  QuadrangleDataObserver:29 - Observable entities: 1: Perimeter = 20.0 Area = 10.0

2017-03-26 16:10:06 INFO  Quadrangle:75 - Quadrangle id=2 has verticies (x = 3.0, y = 5.0), (x = 5.0, y = 5.0), (x = 5.0, y = 5.0), (x = 5.0, y = 9.0)

2017-03-26 16:10:06 INFO  QuadrangleDataObserver:29 - Observable entities: 2: Perimeter = 10.47213595499958 Area = 21.5

2017-03-26 16:10:18 INFO  DataReader:70 - Input coordinates is incorrect - wrong coordinates format in line "14 f012ad 8 4 5 10 9.3 6.1"

2017-03-26 16:10:18 INFO  DataReader:62 - Input coordinates is incorrect - wrong number of points in line "3.4 1 0"

2017-03-26 16:10:18 INFO  DataReader:62 - Input coordinates is incorrect - wrong number of points in line "6.4 3.1 0.6 5 8.1 7.2 9 15.8 4.5"

2017-03-26 16:10:18 INFO  Quadrangle:75 - Quadrangle id=0 has verticies (x = 0.0, y = 0.0), (x = 5.0, y = 0.0), (x = 5.0, y = 5.0), (x = 0.0, y = 5.0)

2017-03-26 16:10:18 INFO  QuadrangleDataObserver:29 - Observable entities: 0: Perimeter = 20.0 Area = 10.0

2017-03-26 16:10:18 INFO  Quadrangle:75 - Quadrangle id=1 has verticies (x = 0.0, y = 0.0), (x = 5.0, y = 0.0), (x = 5.0, y = 5.0), (x = 0.0, y = 5.0)

2017-03-26 16:10:18 INFO  QuadrangleDataObserver:29 - Observable entities: 1: Perimeter = 20.0 Area = 10.0

2017-03-26 16:10:18 INFO  Quadrangle:75 - Quadrangle id=2 has verticies (x = 3.0, y = 5.0), (x = 5.0, y = 5.0), (x = 5.0, y = 5.0), (x = 5.0, y = 9.0)

2017-03-26 16:10:18 INFO  QuadrangleDataObserver:29 - Observable entities: 2: Perimeter = 10.47213595499958 Area = 21.5

2017-03-26 16:10:18 DEBUG QuadragleCalculations:36 - Given points cannot form a quadrangle
2017-03-26 16:10:18 INFO  Quadrangle:75 - Quadrangle id=3 has verticies (x = 3.0, y = 5.0), (x = 4.0, y = 12.0), (x = 0.0, y = 3.0), (x = 1.2, y = 9.0)

2017-03-26 16:10:18 INFO  QuadrangleDataObserver:29 - Observable entities: 3: Perimeter = 27.42509146986518 Area = 3.7

2017-03-26 16:10:32 INFO  DataReader:70 - Input coordinates is incorrect - wrong coordinates format in line "14 f012ad 8 4 5 10 9.3 6.1"

2017-03-26 16:10:32 INFO  DataReader:62 - Input coordinates is incorrect - wrong number of points in line "3.4 1 0"

2017-03-26 16:10:32 INFO  DataReader:62 - Input coordinates is incorrect - wrong number of points in line "6.4 3.1 0.6 5 8.1 7.2 9 15.8 4.5"

2017-03-26 16:10:32 INFO  Quadrangle:75 - Quadrangle id=0 has verticies (x = 0.0, y = 0.0), (x = 5.0, y = 0.0), (x = 5.0, y = 5.0), (x = 0.0, y = 5.0)

2017-03-26 16:10:32 INFO  QuadrangleDataObserver:29 - Observable entities: 0: Perimeter = 20.0 Area = 10.0

2017-03-26 16:10:32 INFO  Quadrangle:75 - Quadrangle id=1 has verticies (x = 0.0, y = 0.0), (x = 5.0, y = 0.0), (x = 5.0, y = 5.0), (x = 0.0, y = 5.0)

2017-03-26 16:10:32 INFO  QuadrangleDataObserver:29 - Observable entities: 1: Perimeter = 20.0 Area = 10.0

2017-03-26 16:10:32 INFO  Quadrangle:75 - Quadrangle id=2 has verticies (x = 3.0, y = 5.0), (x = 5.0, y = 5.0), (x = 5.0, y = 5.0), (x = 5.0, y = 9.0)

2017-03-26 16:10:32 INFO  QuadrangleDataObserver:29 - Observable entities: 2: Perimeter = 10.47213595499958 Area = 21.5

2017-03-26 16:11:15 INFO  DataReader:70 - Input coordinates is incorrect - wrong coordinates format in line "14 f012ad 8 4 5 10 9.3 6.1"

2017-03-26 16:11:15 INFO  DataReader:62 - Input coordinates is incorrect - wrong number of points in line "3.4 1 0"

2017-03-26 16:11:15 INFO  DataReader:62 - Input coordinates is incorrect - wrong number of points in line "6.4 3.1 0.6 5 8.1 7.2 9 15.8 4.5"

2017-03-26 16:11:15 INFO  Quadrangle:75 - Quadrangle id=0 has verticies (x = 0.0, y = 0.0), (x = 5.0, y = 0.0), (x = 5.0, y = 5.0), (x = 0.0, y = 5.0)

2017-03-26 16:11:15 INFO  QuadrangleDataObserver:29 - Observable entities: 0: Perimeter = 20.0 Area = 10.0

2017-03-26 16:11:15 INFO  Quadrangle:75 - Quadrangle id=1 has verticies (x = 0.0, y = 0.0), (x = 5.0, y = 0.0), (x = 5.0, y = 5.0), (x = 0.0, y = 5.0)

2017-03-26 16:11:15 INFO  QuadrangleDataObserver:29 - Observable entities: 1: Perimeter = 20.0 Area = 10.0

2017-03-26 16:11:15 DEBUG QuadragleCalculations:36 - Given points cannot form a quadrangle
2017-03-26 16:11:15 INFO  Quadrangle:75 - Quadrangle id=3 has verticies (x = 3.0, y = 5.0), (x = 4.0, y = 12.0), (x = 0.0, y = 3.0), (x = 1.2, y = 9.0)

2017-03-26 16:11:15 INFO  QuadrangleDataObserver:29 - Observable entities: 3: Perimeter = 27.42509146986518 Area = 3.7

2017-03-26 16:13:48 INFO  DataReader:70 - Input coordinates is incorrect - wrong coordinates format in line "14 f012ad 8 4 5 10 9.3 6.1"

2017-03-26 16:13:48 INFO  DataReader:62 - Input coordinates is incorrect - wrong number of points in line "3.4 1 0"

2017-03-26 16:13:48 INFO  DataReader:62 - Input coordinates is incorrect - wrong number of points in line "6.4 3.1 0.6 5 8.1 7.2 9 15.8 4.5"

2017-03-26 16:13:48 INFO  QuadragleCalculations:84 - Quadrangle angles are: [90.0, 90.0, 91.00005077653061, 88.99994922346939]
2017-03-26 16:13:49 INFO  QuadragleCalculations:91 - Angle sum of the quadrangle is 360.0 degrees
2017-03-26 16:13:49 INFO  QuadragleCalculations:84 - Quadrangle angles are: [90.0, 90.0, 91.00005077653061, 88.99994922346939]
2017-03-26 16:13:49 INFO  QuadragleCalculations:91 - Angle sum of the quadrangle is 360.0 degrees
2017-03-26 16:13:49 INFO  QuadragleCalculations:84 - Quadrangle angles are: [NaN, NaN, 90.0, 88.99994922346939]
2017-03-26 16:13:49 INFO  QuadragleCalculations:91 - Angle sum of the quadrangle is NaN degrees
2017-03-26 16:13:49 INFO  QuadragleCalculations:84 - Quadrangle angles are: [90.96210914628351, 90.9757634182822, 89.00148910445816, 88.99994922346939]
2017-03-26 16:13:49 INFO  QuadragleCalculations:91 - Angle sum of the quadrangle is 359.93931089249327 degrees
2017-03-26 16:31:36 INFO  DataReader:70 - Input coordinates is incorrect - wrong coordinates format in line "14 f012ad 8 4 5 10 9.3 6.1"

2017-03-26 16:31:36 INFO  DataReader:62 - Input coordinates is incorrect - wrong number of points in line "3.4 1 0"

2017-03-26 16:31:36 INFO  DataReader:62 - Input coordinates is incorrect - wrong number of points in line "6.4 3.1 0.6 5 8.1 7.2 9 15.8 4.5"

2017-03-26 16:31:36 INFO  Quadrangle:75 - Quadrangle id=0 has verticies (x = 0.0, y = 0.0), (x = 5.0, y = 0.0), (x = 5.0, y = 5.0), (x = 0.0, y = 5.0)

2017-03-26 16:31:36 INFO  QuadrangleDataObserver:29 - Observable entities: 0: Perimeter = 20.0 Area = 10.0

2017-03-26 16:31:36 INFO  Quadrangle:75 - Quadrangle id=1 has verticies (x = 0.0, y = 0.0), (x = 5.0, y = 0.0), (x = 5.0, y = 5.0), (x = 0.0, y = 5.0)

2017-03-26 16:31:36 INFO  QuadrangleDataObserver:29 - Observable entities: 1: Perimeter = 20.0 Area = 10.0

2017-03-26 16:31:36 DEBUG QuadragleCalculations:36 - Given points cannot form a quadrangle
2017-03-26 16:31:56 INFO  DataReader:70 - Input coordinates is incorrect - wrong coordinates format in line "14 f012ad 8 4 5 10 9.3 6.1"

2017-03-26 16:31:56 INFO  DataReader:62 - Input coordinates is incorrect - wrong number of points in line "3.4 1 0"

2017-03-26 16:31:56 INFO  DataReader:62 - Input coordinates is incorrect - wrong number of points in line "6.4 3.1 0.6 5 8.1 7.2 9 15.8 4.5"

2017-03-26 16:31:56 INFO  Quadrangle:75 - Quadrangle id=0 has verticies (x = 0.0, y = 0.0), (x = 5.0, y = 0.0), (x = 5.0, y = 5.0), (x = 0.0, y = 5.0)

2017-03-26 16:31:56 INFO  QuadrangleDataObserver:29 - Observable entities: 0: Perimeter = 20.0 Area = 10.0

2017-03-26 16:31:56 INFO  Quadrangle:75 - Quadrangle id=1 has verticies (x = 0.0, y = 0.0), (x = 5.0, y = 0.0), (x = 5.0, y = 5.0), (x = 0.0, y = 5.0)

2017-03-26 16:31:56 INFO  QuadrangleDataObserver:29 - Observable entities: 1: Perimeter = 20.0 Area = 10.0

2017-03-26 16:31:56 DEBUG QuadragleCalculations:36 - Given points cannot form a quadrangle
2017-03-26 16:32:56 INFO  DataReader:70 - Input coordinates is incorrect - wrong coordinates format in line "14 f012ad 8 4 5 10 9.3 6.1"

2017-03-26 16:32:56 INFO  DataReader:62 - Input coordinates is incorrect - wrong number of points in line "3.4 1 0"

2017-03-26 16:32:56 INFO  DataReader:62 - Input coordinates is incorrect - wrong number of points in line "6.4 3.1 0.6 5 8.1 7.2 9 15.8 4.5"

2017-03-26 16:32:56 INFO  Quadrangle:75 - Quadrangle id=0 has verticies (x = 0.0, y = 0.0), (x = 5.0, y = 0.0), (x = 5.0, y = 5.0), (x = 0.0, y = 5.0)

2017-03-26 16:32:56 INFO  QuadrangleDataObserver:29 - Observable entities: 0: Perimeter = 20.0 Area = 10.0

2017-03-26 16:32:56 INFO  Quadrangle:75 - Quadrangle id=1 has verticies (x = 0.0, y = 0.0), (x = 5.0, y = 0.0), (x = 5.0, y = 5.0), (x = 0.0, y = 5.0)

2017-03-26 16:32:56 INFO  QuadrangleDataObserver:29 - Observable entities: 1: Perimeter = 20.0 Area = 10.0

2017-03-26 16:32:56 DEBUG QuadragleCalculations:36 - Given points cannot form a quadrangle
2017-03-26 16:32:56 INFO  Quadrangle:75 - Quadrangle id=3 has verticies (x = 3.0, y = 5.0), (x = 4.0, y = 12.0), (x = 0.0, y = 3.0), (x = 1.2, y = 9.0)

2017-03-26 16:32:56 INFO  QuadrangleDataObserver:29 - Observable entities: 3: Perimeter = 27.42509146986518 Area = 3.7

2017-03-26 16:33:32 INFO  DataReader:70 - Input coordinates is incorrect - wrong coordinates format in line "14 f012ad 8 4 5 10 9.3 6.1"

2017-03-26 16:33:32 INFO  DataReader:62 - Input coordinates is incorrect - wrong number of points in line "3.4 1 0"

2017-03-26 16:33:32 INFO  DataReader:62 - Input coordinates is incorrect - wrong number of points in line "6.4 3.1 0.6 5 8.1 7.2 9 15.8 4.5"

2017-03-26 16:33:32 DEBUG QuadragleCalculations:36 - Given points cannot form a quadrangle
2017-03-26 16:33:53 INFO  DataReader:70 - Input coordinates is incorrect - wrong coordinates format in line "14 f012ad 8 4 5 10 9.3 6.1"

2017-03-26 16:33:53 INFO  DataReader:62 - Input coordinates is incorrect - wrong number of points in line "3.4 1 0"

2017-03-26 16:33:53 INFO  DataReader:62 - Input coordinates is incorrect - wrong number of points in line "6.4 3.1 0.6 5 8.1 7.2 9 15.8 4.5"

2017-03-26 16:33:53 INFO  Quadrangle:75 - Quadrangle id=0 has verticies (x = 0.0, y = 0.0), (x = 5.0, y = 0.0), (x = 5.0, y = 5.0), (x = 0.0, y = 5.0)

2017-03-26 16:33:53 INFO  QuadrangleDataObserver:29 - Observable entities: 0: Perimeter = 20.0 Area = 10.0

2017-03-26 16:33:53 INFO  Quadrangle:75 - Quadrangle id=1 has verticies (x = 0.0, y = 0.0), (x = 5.0, y = 0.0), (x = 5.0, y = 5.0), (x = 0.0, y = 5.0)

2017-03-26 16:33:53 INFO  QuadrangleDataObserver:29 - Observable entities: 1: Perimeter = 20.0 Area = 10.0

2017-03-26 16:33:53 DEBUG QuadragleCalculations:36 - Given points cannot form a quadrangle
2017-03-26 16:33:53 INFO  Quadrangle:75 - Quadrangle id=3 has verticies (x = 3.0, y = 5.0), (x = 4.0, y = 12.0), (x = 0.0, y = 3.0), (x = 1.2, y = 9.0)

2017-03-26 16:33:53 INFO  QuadrangleDataObserver:29 - Observable entities: 3: Perimeter = 27.42509146986518 Area = 3.7

2017-03-26 16:37:12 INFO  DataReader:70 - Input coordinates is incorrect - wrong coordinates format in line "14 f012ad 8 4 5 10 9.3 6.1"

2017-03-26 16:37:12 INFO  DataReader:62 - Input coordinates is incorrect - wrong number of points in line "3.4 1 0"

2017-03-26 16:37:12 INFO  DataReader:62 - Input coordinates is incorrect - wrong number of points in line "6.4 3.1 0.6 5 8.1 7.2 9 15.8 4.5"

2017-03-26 16:37:12 INFO  Quadrangle:75 - Quadrangle id=0 has verticies (x = 0.0, y = 0.0), (x = 5.0, y = 0.0), (x = 5.0, y = 5.0), (x = 0.0, y = 5.0)

2017-03-26 16:37:12 INFO  QuadrangleDataObserver:29 - Observable entities: 0: Perimeter = 20.0 Area = 10.0

2017-03-26 16:37:12 INFO  Quadrangle:75 - Quadrangle id=1 has verticies (x = 0.0, y = 0.0), (x = 5.0, y = 0.0), (x = 5.0, y = 5.0), (x = 0.0, y = 5.0)

2017-03-26 16:37:12 INFO  QuadrangleDataObserver:29 - Observable entities: 1: Perimeter = 20.0 Area = 10.0

2017-03-26 16:37:12 DEBUG QuadragleCalculations:36 - Given points cannot form a quadrangle
2017-03-26 16:37:12 INFO  Quadrangle:75 - Quadrangle id=3 has verticies (x = 3.0, y = 5.0), (x = 4.0, y = 12.0), (x = 0.0, y = 3.0), (x = 1.2, y = 9.0)

2017-03-26 16:37:12 INFO  QuadrangleDataObserver:29 - Observable entities: 3: Perimeter = 27.42509146986518 Area = 3.7

2017-03-26 16:40:35 INFO  DataReader:70 - Input coordinates is incorrect - wrong coordinates format in line "14 f012ad 8 4 5 10 9.3 6.1"

2017-03-26 16:40:35 INFO  DataReader:62 - Input coordinates is incorrect - wrong number of points in line "3.4 1 0"

2017-03-26 16:40:35 INFO  DataReader:62 - Input coordinates is incorrect - wrong number of points in line "6.4 3.1 0.6 5 8.1 7.2 9 15.8 4.5"

2017-03-26 16:40:35 INFO  Quadrangle:75 - Quadrangle id=0 has verticies (x = 0.0, y = 0.0), (x = 5.0, y = 0.0), (x = 5.0, y = 5.0), (x = 0.0, y = 5.0)

2017-03-26 16:40:35 INFO  Quadrangle:75 - Quadrangle id=1 has verticies (x = 0.0, y = 0.0), (x = 5.0, y = 0.0), (x = 5.0, y = 5.0), (x = 0.0, y = 5.0)

2017-03-26 16:40:35 DEBUG QuadragleCalculations:36 - Given points cannot form a quadrangle
2017-03-26 16:40:35 INFO  Quadrangle:75 - Quadrangle id=3 has verticies (x = 3.0, y = 5.0), (x = 4.0, y = 12.0), (x = 0.0, y = 3.0), (x = 1.2, y = 9.0)

2017-03-26 16:40:35 INFO  QuadrangleDataObserver:29 - Observable entities: 3: Perimeter = 27.42509146986518 Area = 3.7

2017-03-26 16:43:28 INFO  DataReader:70 - Input coordinates is incorrect - wrong coordinates format in line "14 f012ad 8 4 5 10 9.3 6.1"

2017-03-26 16:43:28 INFO  DataReader:62 - Input coordinates is incorrect - wrong number of points in line "3.4 1 0"

2017-03-26 16:43:28 INFO  DataReader:62 - Input coordinates is incorrect - wrong number of points in line "6.4 3.1 0.6 5 8.1 7.2 9 15.8 4.5"

2017-03-26 16:43:28 INFO  DataReader:70 - Input coordinates is incorrect - wrong coordinates format in line "14 f012ad 8 4 5 10 9.3 6.1"

2017-03-26 16:43:28 INFO  DataReader:62 - Input coordinates is incorrect - wrong number of points in line "3.4 1 0"

2017-03-26 16:43:28 INFO  DataReader:62 - Input coordinates is incorrect - wrong number of points in line "6.4 3.1 0.6 5 8.1 7.2 9 15.8 4.5"

2017-03-26 16:43:55 INFO  DataReader:70 - Input coordinates is incorrect - wrong coordinates format in line "14 f012ad 8 4 5 10 9.3 6.1"

2017-03-26 16:43:55 INFO  DataReader:62 - Input coordinates is incorrect - wrong number of points in line "3.4 1 0"

2017-03-26 16:43:55 INFO  DataReader:62 - Input coordinates is incorrect - wrong number of points in line "6.4 3.1 0.6 5 8.1 7.2 9 15.8 4.5"

2017-03-26 16:43:55 INFO  QuadrangleDataObserver:29 - Observable entities: 0: Perimeter = 20.0 Area = 10.0

2017-03-26 16:43:55 INFO  QuadrangleDataObserver:29 - Observable entities: 1: Perimeter = 20.0 Area = 10.0

2017-03-26 16:43:55 DEBUG QuadragleCalculations:36 - Given points cannot form a quadrangle
2017-03-26 16:43:55 INFO  QuadrangleDataObserver:29 - Observable entities: 1: Perimeter = 20.0 Area = 10.0

2017-03-26 16:43:55 INFO  QuadrangleDataObserver:29 - Observable entities: 3: Perimeter = 27.42509146986518 Area = 3.7

2017-03-26 16:44:53 INFO  DataReader:70 - Input coordinates is incorrect - wrong coordinates format in line "14 f012ad 8 4 5 10 9.3 6.1"

2017-03-26 16:44:53 INFO  DataReader:62 - Input coordinates is incorrect - wrong number of points in line "3.4 1 0"

2017-03-26 16:44:53 INFO  DataReader:62 - Input coordinates is incorrect - wrong number of points in line "6.4 3.1 0.6 5 8.1 7.2 9 15.8 4.5"

2017-03-26 16:44:53 INFO  Quadrangle:75 - Quadrangle id=0 has verticies (x = 0.0, y = 0.0), (x = 5.0, y = 0.0), (x = 5.0, y = 5.0), (x = 0.0, y = 5.0)

2017-03-26 16:44:53 INFO  QuadrangleDataObserver:29 - Observable entities: 0: Perimeter = 20.0 Area = 10.0

2017-03-26 16:44:53 INFO  Quadrangle:75 - Quadrangle id=1 has verticies (x = 0.0, y = 0.0), (x = 5.0, y = 0.0), (x = 5.0, y = 5.0), (x = 0.0, y = 5.0)

2017-03-26 16:44:53 INFO  QuadrangleDataObserver:29 - Observable entities: 1: Perimeter = 20.0 Area = 10.0

2017-03-26 16:44:53 DEBUG QuadragleCalculations:36 - Given points cannot form a quadrangle
2017-03-26 16:44:53 INFO  QuadrangleDataObserver:29 - Observable entities: 1: Perimeter = 20.0 Area = 10.0

2017-03-26 16:44:53 INFO  Quadrangle:75 - Quadrangle id=3 has verticies (x = 3.0, y = 5.0), (x = 4.0, y = 12.0), (x = 0.0, y = 3.0), (x = 1.2, y = 9.0)

2017-03-26 16:44:53 INFO  QuadrangleDataObserver:29 - Observable entities: 3: Perimeter = 27.42509146986518 Area = 3.7

2017-03-26 16:45:30 INFO  DataReader:70 - Input coordinates is incorrect - wrong coordinates format in line "14 f012ad 8 4 5 10 9.3 6.1"

2017-03-26 16:45:30 INFO  DataReader:62 - Input coordinates is incorrect - wrong number of points in line "3.4 1 0"

2017-03-26 16:45:30 INFO  DataReader:62 - Input coordinates is incorrect - wrong number of points in line "6.4 3.1 0.6 5 8.1 7.2 9 15.8 4.5"

2017-03-26 16:45:30 INFO  Quadrangle:75 - Quadrangle id=0 has verticies (x = 0.0, y = 0.0), (x = 5.0, y = 0.0), (x = 5.0, y = 5.0), (x = 0.0, y = 5.0)

2017-03-26 16:45:30 INFO  QuadrangleDataObserver:29 - Observable entities: 0: Perimeter = 20.0 Area = 10.0

2017-03-26 16:45:30 INFO  Quadrangle:75 - Quadrangle id=1 has verticies (x = 0.0, y = 0.0), (x = 5.0, y = 0.0), (x = 5.0, y = 5.0), (x = 0.0, y = 5.0)

2017-03-26 16:45:30 INFO  QuadrangleDataObserver:29 - Observable entities: 1: Perimeter = 20.0 Area = 10.0

2017-03-26 16:45:30 DEBUG QuadragleCalculations:36 - Given points cannot form a quadrangle
2017-03-26 16:45:30 INFO  QuadrangleDataObserver:29 - Observable entities: 1: Perimeter = 20.0 Area = 10.0

2017-03-26 16:45:30 INFO  Quadrangle:75 - Quadrangle id=3 has verticies (x = 3.0, y = 5.0), (x = 4.0, y = 12.0), (x = 0.0, y = 3.0), (x = 1.2, y = 9.0)

2017-03-26 16:45:30 INFO  QuadrangleDataObserver:29 - Observable entities: 3: Perimeter = 27.42509146986518 Area = 3.7

2017-03-26 16:46:38 FATAL DataReader:88 - File resources/inpt.txt is missing

2017-03-26 16:46:38 FATAL DataReader:88 - File resources/inpt.txt is missing

2017-03-26 16:46:56 INFO  DataReader:70 - Input coordinates is incorrect - wrong coordinates format in line "14 f012ad 8 4 5 10 9.3 6.1"

2017-03-26 16:46:56 INFO  DataReader:62 - Input coordinates is incorrect - wrong number of points in line "3.4 1 0"

2017-03-26 16:46:56 INFO  DataReader:62 - Input coordinates is incorrect - wrong number of points in line "6.4 3.1 0.6 5 8.1 7.2 9 15.8 4.5"

2017-03-26 16:46:56 INFO  Quadrangle:75 - Quadrangle id=0 has verticies (x = 0.0, y = 0.0), (x = 5.0, y = 0.0), (x = 5.0, y = 5.0), (x = 0.0, y = 5.0)

2017-03-26 16:46:56 INFO  QuadrangleDataObserver:29 - Observable entities: 0: Perimeter = 20.0 Area = 10.0

2017-03-26 16:46:56 INFO  Quadrangle:75 - Quadrangle id=1 has verticies (x = 0.0, y = 0.0), (x = 5.0, y = 0.0), (x = 5.0, y = 5.0), (x = 0.0, y = 5.0)

2017-03-26 16:46:56 INFO  QuadrangleDataObserver:29 - Observable entities: 1: Perimeter = 20.0 Area = 10.0

2017-03-26 16:46:56 DEBUG QuadragleCalculations:36 - Given points cannot form a quadrangle
2017-03-26 16:46:56 INFO  QuadrangleDataObserver:29 - Observable entities: 1: Perimeter = 20.0 Area = 10.0

2017-03-26 16:46:56 INFO  Quadrangle:75 - Quadrangle id=3 has verticies (x = 3.0, y = 5.0), (x = 4.0, y = 12.0), (x = 0.0, y = 3.0), (x = 1.2, y = 9.0)

2017-03-26 16:46:56 INFO  QuadrangleDataObserver:29 - Observable entities: 3: Perimeter = 27.42509146986518 Area = 3.7

2017-03-26 16:50:22 INFO  DataReader:70 - Input coordinates is incorrect - wrong coordinates format in line "14 f012ad 8 4 5 10 9.3 6.1"

2017-03-26 16:50:22 INFO  DataReader:62 - Input coordinates is incorrect - wrong number of points in line "3.4 1 0"

2017-03-26 16:50:22 INFO  DataReader:62 - Input coordinates is incorrect - wrong number of points in line "6.4 3.1 0.6 5 8.1 7.2 9 15.8 4.5"

2017-03-26 16:50:22 INFO  Quadrangle:75 - Quadrangle id=0 has verticies (x = 0.0, y = 0.0), (x = 5.0, y = 0.0), (x = 5.0, y = 5.0), (x = 0.0, y = 5.0)

2017-03-26 16:50:22 INFO  QuadrangleDataObserver:29 - Observable entities: 0: Perimeter = 20.0 Area = 10.0

2017-03-26 16:50:22 INFO  Quadrangle:75 - Quadrangle id=1 has verticies (x = 0.0, y = 0.0), (x = 5.0, y = 0.0), (x = 5.0, y = 5.0), (x = 0.0, y = 5.0)

2017-03-26 16:50:22 INFO  QuadrangleDataObserver:29 - Observable entities: 1: Perimeter = 20.0 Area = 10.0

2017-03-26 16:50:22 DEBUG QuadragleCalculations:36 - Given points cannot form a quadrangle
2017-03-26 16:50:22 INFO  Quadrangle:75 - Quadrangle id=3 has verticies (x = 3.0, y = 5.0), (x = 4.0, y = 12.0), (x = 0.0, y = 3.0), (x = 1.2, y = 9.0)

2017-03-26 16:50:22 INFO  QuadrangleDataObserver:29 - Observable entities: 3: Perimeter = 27.42509146986518 Area = 3.7

2017-03-26 16:50:28 INFO  DataReader:70 - Input coordinates is incorrect - wrong coordinates format in line "14 f012ad 8 4 5 10 9.3 6.1"

2017-03-26 16:50:28 INFO  DataReader:62 - Input coordinates is incorrect - wrong number of points in line "3.4 1 0"

2017-03-26 16:50:28 INFO  DataReader:62 - Input coordinates is incorrect - wrong number of points in line "6.4 3.1 0.6 5 8.1 7.2 9 15.8 4.5"

2017-03-26 16:50:59 FATAL DataReader:88 - File resource/input.txt is missing

2017-03-26 16:52:31 FATAL QuadrangleInitializationException:23 - Entity initialisation error, application stopped working File resource/input.txt is missing [Ljava.lang.StackTraceElement;@77468bd9
2017-03-26 16:52:43 INFO  DataReader:70 - Input coordinates is incorrect - wrong coordinates format in line "14 f012ad 8 4 5 10 9.3 6.1"

2017-03-26 16:52:43 INFO  DataReader:62 - Input coordinates is incorrect - wrong number of points in line "3.4 1 0"

2017-03-26 16:52:43 INFO  DataReader:62 - Input coordinates is incorrect - wrong number of points in line "6.4 3.1 0.6 5 8.1 7.2 9 15.8 4.5"

2017-03-26 16:52:43 INFO  Quadrangle:75 - Quadrangle id=0 has verticies (x = 0.0, y = 0.0), (x = 5.0, y = 0.0), (x = 5.0, y = 5.0), (x = 0.0, y = 5.0)

2017-03-26 16:52:43 INFO  QuadrangleDataObserver:29 - Observable entities: 0: Perimeter = 20.0 Area = 10.0

2017-03-26 16:52:43 INFO  Quadrangle:75 - Quadrangle id=1 has verticies (x = 0.0, y = 0.0), (x = 5.0, y = 0.0), (x = 5.0, y = 5.0), (x = 0.0, y = 5.0)

2017-03-26 16:52:43 INFO  QuadrangleDataObserver:29 - Observable entities: 1: Perimeter = 20.0 Area = 10.0

2017-03-26 16:52:43 DEBUG QuadragleCalculations:36 - Given points cannot form a quadrangle
2017-03-26 16:52:43 INFO  Quadrangle:75 - Quadrangle id=3 has verticies (x = 3.0, y = 5.0), (x = 4.0, y = 12.0), (x = 0.0, y = 3.0), (x = 1.2, y = 9.0)

2017-03-26 16:52:43 INFO  QuadrangleDataObserver:29 - Observable entities: 3: Perimeter = 27.42509146986518 Area = 3.7

2017-03-26 16:52:51 FATAL QuadrangleInitializationException:23 - Entity initialisation error, application stopped working File resources/iput.txt is missing [Ljava.lang.StackTraceElement;@1c4af82c
2017-03-26 16:52:51 FATAL QuadrangleInitializationException:23 - Entity initialisation error, application stopped working File resources/iput.txt is missing [Ljava.lang.StackTraceElement;@5fdef03a
2017-03-26 16:54:29 INFO  DataReader:70 - Input coordinates is incorrect - wrong coordinates format in line "14 f012ad 8 4 5 10 9.3 6.1"

2017-03-26 16:54:29 INFO  DataReader:62 - Input coordinates is incorrect - wrong number of points in line "3.4 1 0"

2017-03-26 16:54:29 INFO  DataReader:62 - Input coordinates is incorrect - wrong number of points in line "6.4 3.1 0.6 5 8.1 7.2 9 15.8 4.5"

2017-03-26 16:54:38 FATAL QuadrangleInitializationException:23 - Entity initialisation error, application stopped working File resource/input.txt is missing [Ljava.lang.StackTraceElement;@77468bd9
2017-03-26 16:56:56 FATAL QuadrangleInitializationException:17 - Entity initialisation error Input coordinates is incorrect - wrong coordinates format in line "14 f012ad 8 4 5 10 9.3 6.1"

2017-03-26 16:57:50 DEBUG QuadrangleInitializationException:17 - Entity initialisation error Input coordinates is incorrect - wrong coordinates format in line "14 f012ad 8 4 5 10 9.3 6.1"

2017-03-26 16:57:57 DEBUG QuadrangleInitializationException:17 - Entity initialisation error Input coordinates is incorrect - wrong coordinates format in line "14 f012ad 8 4 5 10 9.3 6.1"

2017-03-26 16:58:32 DEBUG QuadrangleInitializationException:17 - Entity initialisation error Input coordinates is incorrect - wrong coordinates format in line "14 f012ad 8 4 5 10 9.3 6.1"

2017-03-26 16:58:32 DEBUG QuadrangleInitializationException:17 - Entity initialisation error Input coordinates is incorrect - wrong coordinates format in line "14 f012ad 8 4 5 10 9.3 6.1"

2017-03-26 16:58:48 DEBUG QuadrangleInitializationException:17 - Entity initialisation error Input coordinates is incorrect - wrong coordinates format in line "14 f012ad 8 4 5 10 9.3 6.1"

2017-03-26 16:58:48 DEBUG QuadrangleInitializationException:17 - Entity initialisation error Input coordinates is incorrect - wrong coordinates format in line "14 f012ad 8 4 5 10 9.3 6.1"

2017-03-26 16:59:49 INFO  DataReader:72 - Input coordinates is incorrect - wrong coordinates format in line "14 f012ad 8 4 5 10 9.3 6.1"

2017-03-26 16:59:49 INFO  DataReader:63 - Input coordinates is incorrect - wrong number of points in line "3.4 1 0"

2017-03-26 16:59:49 INFO  DataReader:63 - Input coordinates is incorrect - wrong number of points in line "6.4 3.1 0.6 5 8.1 7.2 9 15.8 4.5"

2017-03-26 17:00:01 INFO  DataReader:72 - Input coordinates is incorrect - wrong coordinates format in line "14 f012ad 8 4 5 10 9.3 6.1"

2017-03-26 17:00:01 INFO  DataReader:63 - Input coordinates is incorrect - wrong number of points in line "3.4 1 0"

2017-03-26 17:00:01 INFO  DataReader:63 - Input coordinates is incorrect - wrong number of points in line "6.4 3.1 0.6 5 8.1 7.2 9 15.8 4.5"

2017-03-26 17:00:06 INFO  DataReader:72 - Input coordinates is incorrect - wrong coordinates format in line "14 f012ad 8 4 5 10 9.3 6.1"

2017-03-26 17:00:06 INFO  DataReader:63 - Input coordinates is incorrect - wrong number of points in line "3.4 1 0"

2017-03-26 17:00:06 INFO  DataReader:63 - Input coordinates is incorrect - wrong number of points in line "6.4 3.1 0.6 5 8.1 7.2 9 15.8 4.5"

2017-03-26 17:00:08 INFO  DataReader:72 - Input coordinates is incorrect - wrong coordinates format in line "14 f012ad 8 4 5 10 9.3 6.1"

2017-03-26 17:00:08 INFO  DataReader:63 - Input coordinates is incorrect - wrong number of points in line "3.4 1 0"

2017-03-26 17:00:08 INFO  DataReader:63 - Input coordinates is incorrect - wrong number of points in line "6.4 3.1 0.6 5 8.1 7.2 9 15.8 4.5"

2017-03-26 17:00:10 INFO  DataReader:72 - Input coordinates is incorrect - wrong coordinates format in line "14 f012ad 8 4 5 10 9.3 6.1"

2017-03-26 17:00:10 INFO  DataReader:63 - Input coordinates is incorrect - wrong number of points in line "3.4 1 0"

2017-03-26 17:00:10 INFO  DataReader:63 - Input coordinates is incorrect - wrong number of points in line "6.4 3.1 0.6 5 8.1 7.2 9 15.8 4.5"

2017-03-26 17:04:07 INFO  DataReader:72 - Input coordinates is incorrect - wrong coordinates format in line "14 f012ad 8 4 5 10 9.3 6.1"

2017-03-26 17:04:07 INFO  DataReader:63 - Input coordinates is incorrect - wrong number of points in line "3.4 1 0"

2017-03-26 17:04:07 INFO  DataReader:63 - Input coordinates is incorrect - wrong number of points in line "6.4 3.1 0.6 5 8.1 7.2 9 15.8 4.5"

2017-03-26 17:04:07 INFO  Quadrangle:75 - Quadrangle id=0 has verticies (x = 0.0, y = 0.0), (x = 5.0, y = 0.0), (x = 5.0, y = 5.0), (x = 0.0, y = 5.0)

2017-03-26 17:04:07 INFO  QuadrangleDataObserver:29 - Observable entities: 0: Perimeter = 20.0 Area = 10.0

2017-03-26 17:04:07 INFO  Quadrangle:75 - Quadrangle id=1 has verticies (x = 0.0, y = 0.0), (x = 5.0, y = 0.0), (x = 5.0, y = 5.0), (x = 0.0, y = 5.0)

2017-03-26 17:04:07 INFO  QuadrangleDataObserver:29 - Observable entities: 1: Perimeter = 20.0 Area = 10.0

2017-03-26 17:04:07 DEBUG QuadragleCalculations:36 - Given points cannot form a quadrangle
2017-03-26 17:04:07 INFO  Quadrangle:75 - Quadrangle id=3 has verticies (x = 3.0, y = 5.0), (x = 4.0, y = 12.0), (x = 0.0, y = 3.0), (x = 1.2, y = 9.0)

2017-03-26 17:04:07 INFO  QuadrangleDataObserver:29 - Observable entities: 3: Perimeter = 27.42509146986518 Area = 3.7

2017-03-26 17:10:29 INFO  QuadrangleDataObserver:29 - Observable entities: 0: Perimeter = 40.0 Area = 20.0

2017-03-26 17:10:47 INFO  QuadrangleDataObserver:29 - Observable entities: 0: Perimeter = 40.0 Area = 20.0

2017-03-26 17:10:47 INFO  QuadrangleDataObserver:29 - Observable entities: 0: Perimeter = 25.19655347739002 Area = 11.0

2017-03-26 17:14:28 INFO  QuadrangleDataObserver:29 - Observable entities: 0: Perimeter = 40.0 Area = 20.0

2017-03-26 17:14:28 INFO  QuadrangleDataObserver:29 - Observable entities: 0: Perimeter = 25.19655347739002 Area = 11.0

2017-03-26 17:15:10 INFO  QuadrangleDataObserver:29 - Observable entities: 0: Perimeter = 40.0 Area = 20.0

2017-03-26 17:15:10 INFO  QuadrangleDataObserver:29 - Observable entities: 0: Perimeter = 25.19655347739002 Area = 11.0

2017-03-26 17:16:13 INFO  QuadrangleDataObserver:29 - Observable entities: 0: Perimeter = 40.0 Area = 20.0

2017-03-26 17:16:26 INFO  QuadrangleDataObserver:29 - Observable entities: 0: Perimeter = 25.19655347739002 Area = 11.0

2017-03-26 17:17:45 INFO  QuadrangleDataObserver:29 - Observable entities: 0: Perimeter = 40.0 Area = 20.0

2017-03-26 17:17:45 INFO  QuadrangleDataObserver:29 - Observable entities: 0: Perimeter = 25.19655347739002 Area = 11.0

2017-03-26 17:17:48 INFO  QuadrangleDataObserver:29 - Observable entities: 0: Perimeter = 40.0 Area = 20.0

2017-03-26 17:17:48 INFO  QuadrangleDataObserver:29 - Observable entities: 0: Perimeter = 25.19655347739002 Area = 32.5

2017-03-26 17:17:53 INFO  QuadrangleDataObserver:29 - Observable entities: 0: Perimeter = 40.0 Area = 20.0

2017-03-26 17:17:53 INFO  QuadrangleDataObserver:29 - Observable entities: 0: Perimeter = 25.19655347739002 Area = 32.5

2017-03-26 17:18:07 INFO  QuadrangleDataObserver:29 - Observable entities: 0: Perimeter = 40.0 Area = 20.0

2017-03-26 17:18:07 INFO  QuadrangleDataObserver:29 - Observable entities: 0: Perimeter = 25.19655347739002 Area = 11.0

2017-03-26 17:18:35 INFO  DataReader:72 - Input coordinates is incorrect - wrong coordinates format in line "14 f012ad 8 4 5 10 9.3 6.1"

2017-03-26 17:18:35 INFO  DataReader:63 - Input coordinates is incorrect - wrong number of points in line "3.4 1 0"

2017-03-26 17:18:35 INFO  DataReader:63 - Input coordinates is incorrect - wrong number of points in line "6.4 3.1 0.6 5 8.1 7.2 9 15.8 4.5"

2017-03-26 17:18:35 INFO  Quadrangle:75 - Quadrangle id=0 has verticies (x = 0.0, y = 0.0), (x = 5.0, y = 0.0), (x = 5.0, y = 5.0), (x = 0.0, y = 5.0)

2017-03-26 17:18:35 INFO  QuadrangleDataObserver:29 - Observable entities: 0: Perimeter = 20.0 Area = 10.0

2017-03-26 17:18:35 INFO  Quadrangle:75 - Quadrangle id=1 has verticies (x = 0.0, y = 0.0), (x = 5.0, y = 0.0), (x = 5.0, y = 5.0), (x = 0.0, y = 5.0)

2017-03-26 17:18:35 INFO  QuadrangleDataObserver:29 - Observable entities: 1: Perimeter = 20.0 Area = 10.0

2017-03-26 17:18:35 DEBUG QuadragleCalculations:36 - Given points cannot form a quadrangle
2017-03-26 17:18:35 INFO  Quadrangle:75 - Quadrangle id=3 has verticies (x = 3.0, y = 5.0), (x = 4.0, y = 12.0), (x = 0.0, y = 3.0), (x = 1.2, y = 9.0)

2017-03-26 17:18:35 INFO  QuadrangleDataObserver:29 - Observable entities: 3: Perimeter = 27.42509146986518 Area = 3.7

2017-03-26 17:18:40 INFO  DataReader:72 - Input coordinates is incorrect - wrong coordinates format in line "14 f012ad 8 4 5 10 9.3 6.1"

2017-03-26 17:18:40 INFO  DataReader:63 - Input coordinates is incorrect - wrong number of points in line "3.4 1 0"

2017-03-26 17:18:40 INFO  DataReader:63 - Input coordinates is incorrect - wrong number of points in line "6.4 3.1 0.6 5 8.1 7.2 9 15.8 4.5"

2017-03-26 17:18:48 INFO  Quadrangle:75 - Quadrangle id=0 has verticies (x = 0.0, y = 0.0), (x = 5.0, y = 0.0), (x = 5.0, y = 5.0), (x = 0.0, y = 5.0)

2017-03-26 17:18:48 INFO  QuadrangleDataObserver:29 - Observable entities: 0: Perimeter = 20.0 Area = 10.0

2017-03-26 17:18:48 INFO  Quadrangle:75 - Quadrangle id=1 has verticies (x = 0.0, y = 0.0), (x = 5.0, y = 0.0), (x = 5.0, y = 5.0), (x = 0.0, y = 5.0)

2017-03-26 17:18:48 INFO  QuadrangleDataObserver:29 - Observable entities: 1: Perimeter = 20.0 Area = 10.0

2017-03-26 17:18:48 DEBUG QuadragleCalculations:36 - Given points cannot form a quadrangle
2017-03-26 17:18:48 INFO  Quadrangle:75 - Quadrangle id=3 has verticies (x = 3.0, y = 5.0), (x = 4.0, y = 12.0), (x = 0.0, y = 3.0), (x = 1.2, y = 9.0)

2017-03-26 17:18:48 INFO  QuadrangleDataObserver:29 - Observable entities: 3: Perimeter = 27.42509146986518 Area = 3.7

2017-03-26 17:18:50 INFO  DataReader:72 - Input coordinates is incorrect - wrong coordinates format in line "14 f012ad 8 4 5 10 9.3 6.1"

2017-03-26 17:18:50 INFO  DataReader:63 - Input coordinates is incorrect - wrong number of points in line "3.4 1 0"

2017-03-26 17:18:50 INFO  DataReader:63 - Input coordinates is incorrect - wrong number of points in line "6.4 3.1 0.6 5 8.1 7.2 9 15.8 4.5"

2017-03-26 17:18:50 INFO  Quadrangle:75 - Quadrangle id=0 has verticies (x = 0.0, y = 0.0), (x = 5.0, y = 0.0), (x = 5.0, y = 5.0), (x = 0.0, y = 5.0)

2017-03-26 17:18:50 INFO  QuadrangleDataObserver:29 - Observable entities: 0: Perimeter = 20.0 Area = 10.0

2017-03-26 17:18:50 INFO  Quadrangle:75 - Quadrangle id=1 has verticies (x = 0.0, y = 0.0), (x = 5.0, y = 0.0), (x = 5.0, y = 5.0), (x = 0.0, y = 5.0)

2017-03-26 17:18:50 INFO  QuadrangleDataObserver:29 - Observable entities: 1: Perimeter = 20.0 Area = 10.0

2017-03-26 17:18:50 DEBUG QuadragleCalculations:36 - Given points cannot form a quadrangle
2017-03-26 17:18:50 INFO  Quadrangle:75 - Quadrangle id=3 has verticies (x = 3.0, y = 5.0), (x = 4.0, y = 12.0), (x = 0.0, y = 3.0), (x = 1.2, y = 9.0)

2017-03-26 17:18:50 INFO  QuadrangleDataObserver:29 - Observable entities: 3: Perimeter = 27.42509146986518 Area = 3.7

2017-03-26 17:23:52 INFO  DataReader:72 - Input coordinates is incorrect - wrong coordinates format in line "14 f012ad 8 4 5 10 9.3 6.1"

2017-03-26 17:23:52 INFO  DataReader:63 - Input coordinates is incorrect - wrong number of points in line "3.4 1 0"

2017-03-26 17:23:52 INFO  DataReader:63 - Input coordinates is incorrect - wrong number of points in line "6.4 3.1 0.6 5 8.1 7.2 9 15.8 4.5"

2017-03-26 17:23:52 INFO  Quadrangle:75 - Quadrangle id=0 has verticies (x = 0.0, y = 0.0), (x = 5.0, y = 0.0), (x = 5.0, y = 5.0), (x = 0.0, y = 5.0)

2017-03-26 17:23:52 INFO  QuadrangleDataObserver:29 - Observable entities: 0: Perimeter = 20.0 Area = 10.0

2017-03-26 17:23:52 INFO  Quadrangle:75 - Quadrangle id=1 has verticies (x = 0.0, y = 0.0), (x = 5.0, y = 0.0), (x = 5.0, y = 5.0), (x = 0.0, y = 5.0)

2017-03-26 17:23:52 INFO  QuadrangleDataObserver:29 - Observable entities: 1: Perimeter = 20.0 Area = 10.0

2017-03-26 17:23:52 DEBUG QuadragleCalculations:36 - Given points cannot form a quadrangle
2017-03-26 17:23:52 INFO  Quadrangle:75 - Quadrangle id=3 has verticies (x = 3.0, y = 5.0), (x = 4.0, y = 12.0), (x = 0.0, y = 3.0), (x = 1.2, y = 9.0)

2017-03-26 17:23:52 INFO  QuadrangleDataObserver:29 - Observable entities: 3: Perimeter = 27.42509146986518 Area = 3.7

2017-03-26 23:39:54 INFO  QuadrangleDataObserver:29 - ObservableEntity entities: 0: Perimeter = 40.0 Area = 200.0

2017-03-26 23:39:54 INFO  QuadrangleDataObserver:29 - ObservableEntity entities: 0: Perimeter = 25.19655347739002 Area = 60.0

2017-03-26 23:42:12 INFO  QuadrangleDataObserver:29 - ObservableEntity entities: 0: Perimeter = 40.0 Area = 100.0

2017-03-26 23:42:12 INFO  QuadrangleDataObserver:29 - ObservableEntity entities: 0: Perimeter = 25.19655347739002 Area = 30.0

2017-03-26 23:47:50 INFO  QuadrangleDataObserver:29 - ObservableEntity entities: 0: Perimeter = 40.0 Area = 100.0

2017-03-26 23:47:50 INFO  QuadrangleDataObserver:29 - ObservableEntity entities: 0: Perimeter = 25.19655347739002 Area = 30.0

2017-03-26 23:48:09 INFO  DataReader:69 - Input coordinates is incorrect - wrong coordinates format in line "14 f012ad 8 4 5 10 9.3 6.1"

2017-03-26 23:48:09 INFO  DataReader:61 - Input coordinates is incorrect - wrong number of points in line "3.4 1 0"

2017-03-26 23:48:09 INFO  DataReader:61 - Input coordinates is incorrect - wrong number of points in line "6.4 3.1 0.6 5 8.1 7.2 9 15.8 4.5"

2017-03-26 23:50:40 INFO  DataReader:69 - Input coordinates is incorrect - wrong coordinates format in line "14 f012ad 8 4 5 10 9.3 6.1"

2017-03-26 23:50:41 INFO  DataReader:61 - Input coordinates is incorrect - wrong number of points in line "3.4 1 0"

2017-03-26 23:50:43 INFO  DataReader:61 - Input coordinates is incorrect - wrong number of points in line "6.4 3.1 0.6 5 8.1 7.2 9 15.8 4.5"

2017-03-26 23:54:14 INFO  DataReader:69 - Input coordinates is incorrect - wrong coordinates format in line "14 f012ad 8 4 5 10 9.3 6.1"

2017-03-26 23:54:14 INFO  DataReader:61 - Input coordinates is incorrect - wrong number of points in line "3.4 1 0"

2017-03-26 23:54:14 INFO  DataReader:61 - Input coordinates is incorrect - wrong number of points in line "6.4 3.1 0.6 5 8.1 7.2 9 15.8 4.5"

2017-03-26 23:55:48 INFO  QuadrangleDataObserver:29 - ObservableEntity entities: 0: Perimeter = 25.661903789690598 Area = 35.0

2017-03-26 23:55:48 INFO  QuadrangleDataObserver:29 - ObservableEntity entities: 0: Perimeter = 32.155926173466256 Area = 52.5

2017-03-26 23:59:45 INFO  QuadrangleDataObserver:29 - ObservableEntity entities: 0: Perimeter = 25.661903789690598 Area = 35.0

2017-03-26 23:59:45 INFO  QuadrangleDataObserver:29 - ObservableEntity entities: 0: Perimeter = 20.0 Area = 25.0

